<?xml version="1.0" encoding="UTF-8"?>
<testng-results ignored="0" total="5" passed="5" failed="0" skipped="0">
  <reporter-output>
  </reporter-output>
  <suite started-at="2023-10-18T17:33:14 IST" name="Default suite" finished-at="2023-10-18T17:34:20 IST" duration-ms="66190">
    <groups>
      <group name="cucumber">
        <method signature="BaseDriver.scenario(io.cucumber.testng.PickleWrapper,io.cucumber.testng.FeatureWrapper)[pri:0, instance:stepDefinition.TestRunner@130c12b7]" name="scenario" class="basePackage.BaseDriver"/>
      </group> <!-- cucumber -->
    </groups>
    <test started-at="2023-10-18T17:33:14 IST" name="Default test" finished-at="2023-10-18T17:34:20 IST" duration-ms="66190">
      <class name="stepDefinition.TestRunner">
        <test-method is-config="true" signature="setUpClass()[pri:0, instance:stepDefinition.TestRunner@130c12b7]" started-at="2023-10-18T17:33:14 IST" name="setUpClass" finished-at="2023-10-18T17:33:14 IST" duration-ms="774" status="PASS">
          <reporter-output>
          </reporter-output>
        </test-method> <!-- setUpClass -->
        <test-method signature="scenario(io.cucumber.testng.PickleWrapper,io.cucumber.testng.FeatureWrapper)[pri:0, instance:stepDefinition.TestRunner@130c12b7]" started-at="2023-10-18T17:33:15 IST" name="scenario" description="Runs Cucumber Scenarios" data-provider="scenarios" finished-at="2023-10-18T17:33:30 IST" duration-ms="15788" status="PASS">
          <params>
            <param index="0">
              <value>
                <![CDATA["Practice Plan login to the System"]]>
              </value>
            </param>
            <param index="1">
              <value>
                <![CDATA["Optional[Practice Plan login feature]"]]>
              </value>
            </param>
          </params>
          <reporter-output>
          </reporter-output>
        </test-method> <!-- scenario -->
        <test-method signature="scenario(io.cucumber.testng.PickleWrapper,io.cucumber.testng.FeatureWrapper)[pri:0, instance:stepDefinition.TestRunner@130c12b7]" started-at="2023-10-18T17:33:30 IST" name="scenario" description="Runs Cucumber Scenarios" data-provider="scenarios" finished-at="2023-10-18T17:33:48 IST" duration-ms="17911" status="PASS">
          <params>
            <param index="0">
              <value>
                <![CDATA["Practice Plan login to the System"]]>
              </value>
            </param>
            <param index="1">
              <value>
                <![CDATA["Optional[Practice Plan login feature]"]]>
              </value>
            </param>
          </params>
          <reporter-output>
          </reporter-output>
        </test-method> <!-- scenario -->
        <test-method signature="scenario(io.cucumber.testng.PickleWrapper,io.cucumber.testng.FeatureWrapper)[pri:0, instance:stepDefinition.TestRunner@130c12b7]" started-at="2023-10-18T17:33:48 IST" name="scenario" description="Runs Cucumber Scenarios" data-provider="scenarios" finished-at="2023-10-18T17:33:56 IST" duration-ms="8203" status="PASS">
          <params>
            <param index="0">
              <value>
                <![CDATA["User clicks on Forget Password Link"]]>
              </value>
            </param>
            <param index="1">
              <value>
                <![CDATA["Optional[Practice Plan login feature]"]]>
              </value>
            </param>
          </params>
          <reporter-output>
          </reporter-output>
        </test-method> <!-- scenario -->
        <test-method signature="scenario(io.cucumber.testng.PickleWrapper,io.cucumber.testng.FeatureWrapper)[pri:0, instance:stepDefinition.TestRunner@130c12b7]" started-at="2023-10-18T17:33:56 IST" name="scenario" description="Runs Cucumber Scenarios" data-provider="scenarios" finished-at="2023-10-18T17:34:08 IST" duration-ms="11732" status="PASS">
          <params>
            <param index="0">
              <value>
                <![CDATA["User clicks on Forget UserName Link"]]>
              </value>
            </param>
            <param index="1">
              <value>
                <![CDATA["Optional[Practice Plan login Page]"]]>
              </value>
            </param>
          </params>
          <reporter-output>
          </reporter-output>
        </test-method> <!-- scenario -->
        <test-method signature="scenario(io.cucumber.testng.PickleWrapper,io.cucumber.testng.FeatureWrapper)[pri:0, instance:stepDefinition.TestRunner@130c12b7]" started-at="2023-10-18T17:34:08 IST" name="scenario" description="Runs Cucumber Scenarios" data-provider="scenarios" finished-at="2023-10-18T17:34:16 IST" duration-ms="7895" status="PASS">
          <params>
            <param index="0">
              <value>
                <![CDATA["User clicks on Forget Both Link"]]>
              </value>
            </param>
            <param index="1">
              <value>
                <![CDATA["Optional[Practice Plan login Page]"]]>
              </value>
            </param>
          </params>
          <reporter-output>
          </reporter-output>
        </test-method> <!-- scenario -->
        <test-method is-config="true" signature="tearDownClass()[pri:0, instance:stepDefinition.TestRunner@130c12b7]" started-at="2023-10-18T17:34:16 IST" name="tearDownClass" finished-at="2023-10-18T17:34:20 IST" duration-ms="3838" status="PASS">
          <reporter-output>
          </reporter-output>
        </test-method> <!-- tearDownClass -->
      </class> <!-- stepDefinition.TestRunner -->
    </test> <!-- Default test -->
  </suite> <!-- Default suite -->
</testng-results>
