<?xml version="1.0" encoding="UTF-8"?>
<!-- Generated by org.testng.reporters.JUnitXMLReporter -->
<testsuite ignored="0" hostname="AH4000735LT" failures="0" tests="5" name="Default test" time="66.19" errors="0" timestamp="2023-10-18T17:34:20 IST">
  <testcase classname="basePackage.BaseDriver" name="scenario" time="15.788"/>
  <testcase classname="basePackage.BaseDriver" name="scenario" time="17.911"/>
  <testcase classname="basePackage.BaseDriver" name="scenario" time="8.203"/>
  <testcase classname="basePackage.BaseDriver" name="scenario" time="11.732"/>
  <testcase classname="basePackage.BaseDriver" name="scenario" time="7.895"/>
</testsuite> <!-- Default test -->
